<?xml version="1.0" encoding="UTF-8"?>
<coverage generated="1786880573787" clover="3.2.0">
    <project timestamp="1786880573787" name="All files">
        <metrics statements="380" coveredstatements="290" conditionals="106" coveredconditionals="66" methods="141" coveredmethods="85" elements="627"
                 coveredelements="441" complexity="0" loc="380" ncloc="380" packages="5" files="15" classes="15"/>
        <package name="api">
            <metrics statements="60" coveredstatements="58" conditionals="2" coveredconditionals="2" methods="37" coveredmethods="33"/>
            <file name="adminApi.ts" path="/home/poltsi/Work/OxalatePortal/oxalate-fillstation/oxalate-fillstation-frontend/src/api/adminApi.ts">
                <metrics statements="12" coveredstatements="12" conditionals="0" coveredconditionals="0" methods="9" coveredmethods="9"/>
                <line num="1" count="1" type="stmt"/>
                <line num="4" count="1" type="stmt"/>
                <line num="7" count="1" type="stmt"/>
                <line num="10" count="1" type="stmt"/>
                <line num="13" count="1" type="stmt"/>
                <line num="16" count="1" type="stmt"/>
                <line num="19" count="1" type="stmt"/>
                <line num="21" count="1" type="stmt"/>
                <line num="22" count="1" type="stmt"/>
                <line num="24" count="1" type="stmt"/>
                <line num="25" count="1" type="stmt"/>
                <line num="27" count="1" type="stmt"/>
            </file>
            <file name="authApi.ts" path="/home/poltsi/Work/OxalatePortal/oxalate-fillstation/oxalate-fillstation-frontend/src/api/authApi.ts">
                <metrics statements="12" coveredstatements="12" conditionals="0" coveredconditionals="0" methods="6" coveredmethods="6"/>
                <line num="1" count="1" type="stmt"/>
                <line num="3" count="1" type="stmt"/>
                <line num="4" count="1" type="stmt"/>
                <line num="6" count="1" type="stmt"/>
                <line num="7" count="1" type="stmt"/>
                <line num="9" count="1" type="stmt"/>
                <line num="11" count="1" type="stmt"/>
                <line num="12" count="1" type="stmt"/>
                <line num="14" count="1" type="stmt"/>
                <line num="15" count="1" type="stmt"/>
                <line num="17" count="1" type="stmt"/>
                <line num="18" count="1" type="stmt"/>
            </file>
            <file name="cylinderApi.ts" path="/home/poltsi/Work/OxalatePortal/oxalate-fillstation/oxalate-fillstation-frontend/src/api/cylinderApi.ts">
                <metrics statements="7" coveredstatements="7" conditionals="0" coveredconditionals="0" methods="4" coveredmethods="4"/>
                <line num="1" count="1" type="stmt"/>
                <line num="4" count="1" type="stmt"/>
                <line num="6" count="1" type="stmt"/>
                <line num="7" count="1" type="stmt"/>
                <line num="9" count="1" type="stmt"/>
                <line num="10" count="1" type="stmt"/>
                <line num="12" count="1" type="stmt"/>
            </file>
            <file name="fillApi.ts" path="/home/poltsi/Work/OxalatePortal/oxalate-fillstation/oxalate-fillstation-frontend/src/api/fillApi.ts">
                <metrics statements="7" coveredstatements="7" conditionals="0" coveredconditionals="0" methods="5" coveredmethods="5"/>
                <line num="1" count="1" type="stmt"/>
                <line num="4" count="1" type="stmt"/>
                <line num="6" count="1" type="stmt"/>
                <line num="8" count="1" type="stmt"/>
                <line num="10" count="1" type="stmt"/>
                <line num="11" count="1" type="stmt"/>
                <line num="13" count="1" type="stmt"/>
            </file>
            <file name="operatorApi.ts" path="/home/poltsi/Work/OxalatePortal/oxalate-fillstation/oxalate-fillstation-frontend/src/api/operatorApi.ts">
                <metrics statements="13" coveredstatements="11" conditionals="0" coveredconditionals="0" methods="8" coveredmethods="4"/>
                <line num="1" count="1" type="stmt"/>
                <line num="4" count="1" type="stmt"/>
                <line num="6" count="1" type="stmt"/>
                <line num="8" count="1" type="stmt"/>
                <line num="9" count="1" type="stmt"/>
                <line num="11" count="1" type="stmt"/>
                <line num="13" count="1" type="stmt"/>
                <line num="14" count="0" type="stmt"/>
                <line num="16" count="1" type="stmt"/>
                <line num="17" count="0" type="stmt"/>
                <line num="19" count="1" type="stmt"/>
                <line num="20" count="1" type="stmt"/>
                <line num="22" count="1" type="stmt"/>
            </file>
            <file name="userApi.ts" path="/home/poltsi/Work/OxalatePortal/oxalate-fillstation/oxalate-fillstation-frontend/src/api/userApi.ts">
                <metrics statements="9" coveredstatements="9" conditionals="2" coveredconditionals="2" methods="5" coveredmethods="5"/>
                <line num="1" count="1" type="stmt"/>
                <line num="3" count="1" type="stmt"/>
                <line num="5" count="1" type="stmt"/>
                <line num="6" count="1" type="stmt"/>
                <line num="8" count="1" type="stmt"/>
                <line num="10" count="1" type="stmt"/>
                <line num="12" count="1" type="stmt"/>
                <line num="13" count="2" type="cond" truecount="2" falsecount="0"/>
                <line num="14" count="2" type="stmt"/>
            </file>
        </package>
        <package name="components">
            <metrics statements="44" coveredstatements="38" conditionals="20" coveredconditionals="16" methods="6" coveredmethods="3"/>
            <file name="GasUsageCard.tsx"
                  path="/home/poltsi/Work/OxalatePortal/oxalate-fillstation/oxalate-fillstation-frontend/src/components/GasUsageCard.tsx">
                <metrics statements="6" coveredstatements="6" conditionals="0" coveredconditionals="0" methods="1" coveredmethods="1"/>
                <line num="2" count="1" type="stmt"/>
                <line num="3" count="1" type="stmt"/>
                <line num="10" count="1" type="stmt"/>
                <line num="11" count="2" type="stmt"/>
                <line num="13" count="2" type="stmt"/>
                <line num="39" count="1" type="stmt"/>
            </file>
            <file name="Navigation.tsx" path="/home/poltsi/Work/OxalatePortal/oxalate-fillstation/oxalate-fillstation-frontend/src/components/Navigation.tsx">
                <metrics statements="25" coveredstatements="19" conditionals="12" coveredconditionals="8" methods="4" coveredmethods="1"/>
                <line num="1" count="1" type="stmt"/>
                <line num="2" count="1" type="stmt"/>
                <line num="3" count="1" type="stmt"/>
                <line num="13" count="1" type="stmt"/>
                <line num="14" count="1" type="stmt"/>
                <line num="15" count="1" type="stmt"/>
                <line num="16" count="1" type="stmt"/>
                <line num="18" count="1" type="stmt"/>
                <line num="24" count="1" type="stmt"/>
                <line num="25" count="1" type="stmt"/>
                <line num="26" count="1" type="stmt"/>
                <line num="27" count="1" type="stmt"/>
                <line num="28" count="1" type="stmt"/>
                <line num="29" count="1" type="stmt"/>
                <line num="30" count="1" type="stmt"/>
                <line num="32" count="1" type="stmt"/>
                <line num="33" count="0" type="stmt"/>
                <line num="34" count="0" type="stmt"/>
                <line num="35" count="0" type="stmt"/>
                <line num="37" count="0" type="stmt"/>
                <line num="41" count="1" type="stmt"/>
                <line num="77" count="1" type="stmt"/>
                <line num="101" count="0" type="stmt"/>
                <line num="126" count="0" type="stmt"/>
                <line num="158" count="1" type="stmt"/>
            </file>
            <file name="PrivateRoute.tsx"
                  path="/home/poltsi/Work/OxalatePortal/oxalate-fillstation/oxalate-fillstation-frontend/src/components/PrivateRoute.tsx">
                <metrics statements="13" coveredstatements="13" conditionals="8" coveredconditionals="8" methods="1" coveredmethods="1"/>
                <line num="2" count="1" type="stmt"/>
                <line num="3" count="1" type="stmt"/>
                <line num="4" count="1" type="stmt"/>
                <line num="12" count="1" type="stmt"/>
                <line num="13" count="4" type="stmt"/>
                <line num="15" count="4" type="cond" truecount="2" falsecount="0"/>
                <line num="16" count="1" type="stmt"/>
                <line num="23" count="3" type="cond" truecount="2" falsecount="0"/>
                <line num="24" count="1" type="stmt"/>
                <line num="27" count="2" type="cond" truecount="4" falsecount="0"/>
                <line num="28" count="1" type="stmt"/>
                <line num="31" count="1" type="stmt"/>
                <line num="34" count="1" type="stmt"/>
            </file>
        </package>
        <package name="i18n">
            <metrics statements="10" coveredstatements="10" conditionals="0" coveredconditionals="0" methods="0" coveredmethods="0"/>
            <file name="index.ts" path="/home/poltsi/Work/OxalatePortal/oxalate-fillstation/oxalate-fillstation-frontend/src/i18n/index.ts">
                <metrics statements="10" coveredstatements="10" conditionals="0" coveredconditionals="0" methods="0" coveredmethods="0"/>
                <line num="1" count="1" type="stmt"/>
                <line num="2" count="1" type="stmt"/>
                <line num="3" count="1" type="stmt"/>
                <line num="5" count="1" type="stmt"/>
                <line num="6" count="1" type="stmt"/>
                <line num="7" count="1" type="stmt"/>
                <line num="8" count="1" type="stmt"/>
                <line num="9" count="1" type="stmt"/>
                <line num="11" count="1" type="stmt"/>
                <line num="26" count="1" type="stmt"/>
            </file>
        </package>
        <package name="pages">
            <metrics statements="254" coveredstatements="172" conditionals="70" coveredconditionals="34" methods="95" coveredmethods="46"/>
            <file name="AdminPage.tsx" path="/home/poltsi/Work/OxalatePortal/oxalate-fillstation/oxalate-fillstation-frontend/src/pages/AdminPage.tsx">
                <metrics statements="96" coveredstatements="68" conditionals="24" coveredconditionals="13" methods="37" coveredmethods="20"/>
                <line num="1" count="1" type="stmt"/>
                <line num="2" count="1" type="stmt"/>
                <line num="3" count="1" type="stmt"/>
                <line num="4" count="1" type="stmt"/>
                <line num="6" count="1" type="stmt"/>
                <line num="19" count="1" type="stmt"/>
                <line num="21" count="1" type="stmt"/>
                <line num="22" count="10" type="stmt"/>
                <line num="23" count="10" type="stmt"/>
                <line num="24" count="10" type="stmt"/>
                <line num="25" count="10" type="stmt"/>
                <line num="26" count="10" type="stmt"/>
                <line num="27" count="10" type="stmt"/>
                <line num="28" count="10" type="stmt"/>
                <line num="29" count="10" type="stmt"/>
                <line num="30" count="10" type="stmt"/>
                <line num="32" count="10" type="stmt"/>
                <line num="33" count="0" type="stmt"/>
                <line num="34" count="0" type="stmt"/>
                <line num="36" count="10" type="stmt"/>
                <line num="37" count="7" type="stmt"/>
                <line num="38" count="7" type="stmt"/>
                <line num="40" count="7" type="cond" truecount="1" falsecount="1"/>
                <line num="41" count="7" type="stmt"/>
                <line num="45" count="0" type="cond" truecount="0" falsecount="2"/>
                <line num="46" count="0" type="stmt"/>
                <line num="50" count="7" type="cond" truecount="2" falsecount="0"/>
                <line num="51" count="4" type="stmt"/>
                <line num="55" count="7" type="stmt"/>
                <line num="56" count="7" type="stmt"/>
                <line num="60" count="10" type="stmt"/>
                <line num="61" count="2" type="stmt"/>
                <line num="62" count="2" type="stmt"/>
                <line num="65" count="10" type="stmt"/>
                <line num="66" count="7" type="stmt"/>
                <line num="67" count="7" type="stmt"/>
                <line num="69" count="7" type="cond" truecount="1" falsecount="1"/>
                <line num="70" count="7" type="stmt"/>
                <line num="74" count="0" type="cond" truecount="0" falsecount="2"/>
                <line num="75" count="0" type="stmt"/>
                <line num="79" count="7" type="cond" truecount="2" falsecount="0"/>
                <line num="80" count="4" type="stmt"/>
                <line num="84" count="7" type="stmt"/>
                <line num="85" count="7" type="stmt"/>
                <line num="89" count="10" type="stmt"/>
                <line num="90" count="10" type="stmt"/>
                <line num="91" count="10" type="stmt"/>
                <line num="92" count="0" type="stmt"/>
                <line num="93" count="0" type="stmt"/>
                <line num="94" count="0" type="stmt"/>
                <line num="95" count="0" type="cond" truecount="0" falsecount="2"/>
                <line num="96" count="0" type="stmt"/>
                <line num="97" count="0" type="stmt"/>
                <line num="100" count="10" type="stmt"/>
                <line num="101" count="1" type="stmt"/>
                <line num="102" count="1" type="stmt"/>
                <line num="103" count="1" type="stmt"/>
                <line num="104" count="1" type="stmt"/>
                <line num="106" count="0" type="stmt"/>
                <line num="110" count="10" type="stmt"/>
                <line num="111" count="1" type="stmt"/>
                <line num="112" count="1" type="stmt"/>
                <line num="113" count="1" type="stmt"/>
                <line num="115" count="0" type="stmt"/>
                <line num="119" count="10" type="stmt"/>
                <line num="120" count="1" type="stmt"/>
                <line num="121" count="1" type="stmt"/>
                <line num="122" count="1" type="stmt"/>
                <line num="123" count="1" type="stmt"/>
                <line num="125" count="0" type="stmt"/>
                <line num="129" count="10" type="stmt"/>
                <line num="130" count="0" type="stmt"/>
                <line num="131" count="0" type="stmt"/>
                <line num="132" count="0" type="stmt"/>
                <line num="133" count="0" type="stmt"/>
                <line num="135" count="0" type="stmt"/>
                <line num="139" count="10" type="stmt"/>
                <line num="140" count="5" type="cond" truecount="1" falsecount="1"/>
                <line num="141" count="0" type="stmt"/>
                <line num="143" count="5" type="cond" truecount="1" falsecount="1"/>
                <line num="144" count="5" type="stmt"/>
                <line num="146" count="0" type="stmt"/>
                <line num="149" count="10" type="stmt"/>
                <line num="155" count="0" type="stmt"/>
                <line num="156" count="0" type="stmt"/>
                <line num="157" count="0" type="stmt"/>
                <line num="164" count="10" type="stmt"/>
                <line num="171" count="5" type="stmt"/>
                <line num="172" count="1" type="cond" truecount="2" falsecount="0"/>
                <line num="173" count="1" type="stmt"/>
                <line num="177" count="1" type="stmt"/>
                <line num="186" count="0" type="stmt"/>
                <line num="197" count="10" type="stmt"/>
                <line num="201" count="0" type="stmt"/>
                <line num="213" count="0" type="cond" truecount="1" falsecount="1"/>
                <line num="224" count="1" type="stmt"/>
            </file>
            <file name="FillsPage.tsx" path="/home/poltsi/Work/OxalatePortal/oxalate-fillstation/oxalate-fillstation-frontend/src/pages/FillsPage.tsx">
                <metrics statements="77" coveredstatements="42" conditionals="26" coveredconditionals="11" methods="24" coveredmethods="9"/>
                <line num="1" count="1" type="stmt"/>
                <line num="2" count="1" type="stmt"/>
                <line num="3" count="1" type="stmt"/>
                <line num="4" count="1" type="stmt"/>
                <line num="6" count="1" type="stmt"/>
                <line num="7" count="1" type="stmt"/>
                <line num="8" count="1" type="stmt"/>
                <line num="11" count="1" type="stmt"/>
                <line num="13" count="1" type="stmt"/>
                <line num="31" count="1" type="stmt"/>
                <line num="32" count="12" type="stmt"/>
                <line num="33" count="12" type="stmt"/>
                <line num="34" count="12" type="stmt"/>
                <line num="35" count="12" type="stmt"/>
                <line num="36" count="12" type="stmt"/>
                <line num="37" count="12" type="stmt"/>
                <line num="38" count="12" type="stmt"/>
                <line num="39" count="12" type="stmt"/>
                <line num="40" count="12" type="stmt"/>
                <line num="42" count="12" type="stmt"/>
                <line num="43" count="0" type="stmt"/>
                <line num="44" count="0" type="stmt"/>
                <line num="45" count="0" type="stmt"/>
                <line num="46" count="0" type="stmt"/>
                <line num="47" count="0" type="stmt"/>
                <line num="51" count="12" type="stmt"/>
                <line num="52" count="8" type="stmt"/>
                <line num="54" count="8" type="stmt"/>
                <line num="56" count="8" type="cond" truecount="1" falsecount="1"/>
                <line num="57" count="8" type="stmt"/>
                <line num="61" count="0" type="cond" truecount="0" falsecount="2"/>
                <line num="62" count="0" type="stmt"/>
                <line num="66" count="8" type="cond" truecount="2" falsecount="0"/>
                <line num="67" count="6" type="stmt"/>
                <line num="71" count="8" type="stmt"/>
                <line num="73" count="8" type="cond" truecount="1" falsecount="1"/>
                <line num="74" count="8" type="stmt"/>
                <line num="78" count="0" type="cond" truecount="0" falsecount="2"/>
                <line num="79" count="0" type="stmt"/>
                <line num="83" count="8" type="cond" truecount="2" falsecount="0"/>
                <line num="84" count="6" type="stmt"/>
                <line num="88" count="8" type="stmt"/>
                <line num="89" count="8" type="stmt"/>
                <line num="93" count="12" type="stmt"/>
                <line num="94" count="0" type="stmt"/>
                <line num="95" count="0" type="cond" truecount="0" falsecount="2"/>
                <line num="96" count="0" type="stmt"/>
                <line num="99" count="12" type="stmt"/>
                <line num="100" count="0" type="stmt"/>
                <line num="101" count="0" type="stmt"/>
                <line num="102" count="0" type="stmt"/>
                <line num="103" count="0" type="stmt"/>
                <line num="105" count="0" type="stmt"/>
                <line num="109" count="12" type="stmt"/>
                <line num="110" count="0" type="stmt"/>
                <line num="111" count="0" type="stmt"/>
                <line num="112" count="0" type="stmt"/>
                <line num="113" count="0" type="stmt"/>
                <line num="117" count="0" type="cond" truecount="0" falsecount="2"/>
                <line num="118" count="0" type="stmt"/>
                <line num="120" count="0" type="stmt"/>
                <line num="122" count="0" type="stmt"/>
                <line num="123" count="0" type="stmt"/>
                <line num="124" count="0" type="stmt"/>
                <line num="126" count="0" type="stmt"/>
                <line num="128" count="0" type="stmt"/>
                <line num="132" count="12" type="stmt"/>
                <line num="134" count="0" type="cond" truecount="0" falsecount="2"/>
                <line num="140" count="0" type="stmt"/>
                <line num="144" count="0" type="stmt"/>
                <line num="145" count="0" type="stmt"/>
                <line num="146" count="0" type="stmt"/>
                <line num="154" count="12" type="stmt"/>
                <line num="158" count="2" type="stmt"/>
                <line num="165" count="0" type="stmt"/>
                <line num="184" count="10" type="stmt"/>
                <line num="203" count="1" type="stmt"/>
            </file>
            <file name="LoginPage.tsx" path="/home/poltsi/Work/OxalatePortal/oxalate-fillstation/oxalate-fillstation-frontend/src/pages/LoginPage.tsx">
                <metrics statements="21" coveredstatements="14" conditionals="0" coveredconditionals="0" methods="2" coveredmethods="1"/>
                <line num="1" count="1" type="stmt"/>
                <line num="2" count="1" type="stmt"/>
                <line num="3" count="1" type="stmt"/>
                <line num="4" count="1" type="stmt"/>
                <line num="5" count="1" type="stmt"/>
                <line num="7" count="1" type="stmt"/>
                <line num="9" count="1" type="stmt"/>
                <line num="10" count="1" type="stmt"/>
                <line num="11" count="1" type="stmt"/>
                <line num="12" count="1" type="stmt"/>
                <line num="13" count="1" type="stmt"/>
                <line num="15" count="1" type="stmt"/>
                <line num="16" count="0" type="stmt"/>
                <line num="17" count="0" type="stmt"/>
                <line num="18" count="0" type="stmt"/>
                <line num="19" count="0" type="stmt"/>
                <line num="20" count="0" type="stmt"/>
                <line num="22" count="0" type="stmt"/>
                <line num="24" count="0" type="stmt"/>
                <line num="28" count="1" type="stmt"/>
                <line num="67" count="1" type="stmt"/>
            </file>
            <file name="OperatorPage.tsx" path="/home/poltsi/Work/OxalatePortal/oxalate-fillstation/oxalate-fillstation-frontend/src/pages/OperatorPage.tsx">
                <metrics statements="60" coveredstatements="48" conditionals="20" coveredconditionals="10" methods="32" coveredmethods="16"/>
                <line num="1" count="1" type="stmt"/>
                <line num="2" count="1" type="stmt"/>
                <line num="3" count="1" type="stmt"/>
                <line num="5" count="1" type="stmt"/>
                <line num="6" count="1" type="stmt"/>
                <line num="9" count="1" type="stmt"/>
                <line num="11" count="1" type="stmt"/>
                <line num="12" count="7" type="stmt"/>
                <line num="13" count="7" type="stmt"/>
                <line num="14" count="7" type="stmt"/>
                <line num="15" count="7" type="stmt"/>
                <line num="16" count="7" type="stmt"/>
                <line num="17" count="7" type="stmt"/>
                <line num="19" count="7" type="stmt"/>
                <line num="20" count="1" type="stmt"/>
                <line num="21" count="1" type="stmt"/>
                <line num="23" count="7" type="stmt"/>
                <line num="24" count="0" type="stmt"/>
                <line num="25" count="0" type="stmt"/>
                <line num="28" count="7" type="stmt"/>
                <line num="29" count="5" type="stmt"/>
                <line num="31" count="5" type="stmt"/>
                <line num="33" count="5" type="cond" truecount="1" falsecount="1"/>
                <line num="34" count="5" type="stmt"/>
                <line num="38" count="0" type="cond" truecount="0" falsecount="2"/>
                <line num="39" count="0" type="stmt"/>
                <line num="43" count="5" type="cond" truecount="2" falsecount="0"/>
                <line num="44" count="3" type="stmt"/>
                <line num="48" count="5" type="stmt"/>
                <line num="50" count="5" type="cond" truecount="1" falsecount="1"/>
                <line num="51" count="5" type="stmt"/>
                <line num="55" count="0" type="cond" truecount="0" falsecount="2"/>
                <line num="56" count="0" type="stmt"/>
                <line num="60" count="5" type="cond" truecount="2" falsecount="0"/>
                <line num="61" count="3" type="stmt"/>
                <line num="65" count="5" type="stmt"/>
                <line num="66" count="5" type="stmt"/>
                <line num="70" count="7" type="stmt"/>
                <line num="71" count="7" type="stmt"/>
                <line num="72" count="7" type="stmt"/>
                <line num="73" count="7" type="stmt"/>
                <line num="74" count="7" type="stmt"/>
                <line num="75" count="1" type="stmt"/>
                <line num="76" count="1" type="stmt"/>
                <line num="77" count="1" type="stmt"/>
                <line num="79" count="0" type="stmt"/>
                <line num="82" count="7" type="stmt"/>
                <line num="84" count="7" type="stmt"/>
                <line num="88" count="4" type="cond" truecount="1" falsecount="3"/>
                <line num="90" count="4" type="stmt"/>
                <line num="91" count="0" type="cond" truecount="1" falsecount="1"/>
                <line num="92" count="1" type="cond" truecount="2" falsecount="0"/>
                <line num="93" count="1" type="stmt"/>
                <line num="94" count="0" type="stmt"/>
                <line num="101" count="7" type="stmt"/>
                <line num="107" count="0" type="stmt"/>
                <line num="108" count="0" type="stmt"/>
                <line num="109" count="0" type="stmt"/>
                <line num="114" count="7" type="stmt"/>
                <line num="128" count="1" type="stmt"/>
            </file>
        </package>
        <package name="utils">
            <metrics statements="12" coveredstatements="12" conditionals="14" coveredconditionals="14" methods="3" coveredmethods="3"/>
            <file name="gasCalculation.ts" path="/home/poltsi/Work/OxalatePortal/oxalate-fillstation/oxalate-fillstation-frontend/src/utils/gasCalculation.ts">
                <metrics statements="12" coveredstatements="12" conditionals="14" coveredconditionals="14" methods="3" coveredmethods="3"/>
                <line num="4" count="1" type="stmt"/>
                <line num="5" count="3" type="cond" truecount="2" falsecount="0"/>
                <line num="6" count="1" type="stmt"/>
                <line num="12" count="1" type="stmt"/>
                <line num="13" count="3" type="cond" truecount="2" falsecount="0"/>
                <line num="14" count="1" type="stmt"/>
                <line num="15" count="1" type="stmt"/>
                <line num="21" count="1" type="stmt"/>
                <line num="22" count="5" type="cond" truecount="4" falsecount="0"/>
                <line num="23" count="4" type="cond" truecount="4" falsecount="0"/>
                <line num="24" count="3" type="cond" truecount="2" falsecount="0"/>
                <line num="25" count="2" type="stmt"/>
            </file>
        </package>
    </project>
</coverage>
