TN:
SF:src/api/adminApi.ts
FN:4,(anonymous_1)
FN:7,(anonymous_2)
FN:10,(anonymous_3)
FN:13,(anonymous_4)
FN:16,(anonymous_5)
FN:19,(anonymous_6)
FN:21,(anonymous_7)
FN:24,(anonymous_8)
FN:27,(anonymous_9)
FNF:9
FNH:9
FNDA:1,(anonymous_1)
FNDA:1,(anonymous_2)
FNDA:1,(anonymous_3)
FNDA:1,(anonymous_4)
FNDA:1,(anonymous_5)
FNDA:1,(anonymous_6)
FNDA:1,(anonymous_7)
FNDA:1,(anonymous_8)
FNDA:1,(anonymous_9)
DA:1,1
DA:4,1
DA:7,1
DA:10,1
DA:13,1
DA:16,1
DA:19,1
DA:21,1
DA:22,1
DA:24,1
DA:25,1
DA:27,1
LF:12
LH:12
BRF:0
BRH:0
end_of_record
TN:
SF:src/api/authApi.ts
FN:3,(anonymous_1)
FN:6,(anonymous_2)
FN:9,(anonymous_3)
FN:11,(anonymous_4)
FN:14,(anonymous_5)
FN:17,(anonymous_6)
FNF:6
FNH:6
FNDA:1,(anonymous_1)
FNDA:1,(anonymous_2)
FNDA:1,(anonymous_3)
FNDA:1,(anonymous_4)
FNDA:1,(anonymous_5)
FNDA:1,(anonymous_6)
DA:1,1
DA:3,1
DA:4,1
DA:6,1
DA:7,1
DA:9,1
DA:11,1
DA:12,1
DA:14,1
DA:15,1
DA:17,1
DA:18,1
LF:12
LH:12
BRF:0
BRH:0
end_of_record
TN:
SF:src/api/cylinderApi.ts
FN:4,(anonymous_1)
FN:6,(anonymous_2)
FN:9,(anonymous_3)
FN:12,(anonymous_4)
FNF:4
FNH:4
FNDA:1,(anonymous_1)
FNDA:1,(anonymous_2)
FNDA:1,(anonymous_3)
FNDA:1,(anonymous_4)
DA:1,1
DA:4,1
DA:6,1
DA:7,1
DA:9,1
DA:10,1
DA:12,1
LF:7
LH:7
BRF:0
BRH:0
end_of_record
TN:
SF:src/api/fillApi.ts
FN:4,(anonymous_1)
FN:6,(anonymous_2)
FN:8,(anonymous_3)
FN:10,(anonymous_4)
FN:13,(anonymous_5)
FNF:5
FNH:5
FNDA:1,(anonymous_1)
FNDA:1,(anonymous_2)
FNDA:1,(anonymous_3)
FNDA:1,(anonymous_4)
FNDA:1,(anonymous_5)
DA:1,1
DA:4,1
DA:6,1
DA:8,1
DA:10,1
DA:11,1
DA:13,1
LF:7
LH:7
BRF:0
BRH:0
end_of_record
TN:
SF:src/api/operatorApi.ts
FN:4,(anonymous_1)
FN:6,(anonymous_2)
FN:8,(anonymous_3)
FN:11,(anonymous_4)
FN:13,(anonymous_5)
FN:16,(anonymous_6)
FN:19,(anonymous_7)
FN:22,(anonymous_8)
FNF:8
FNH:4
FNDA:0,(anonymous_1)
FNDA:0,(anonymous_2)
FNDA:1,(anonymous_3)
FNDA:1,(anonymous_4)
FNDA:0,(anonymous_5)
FNDA:0,(anonymous_6)
FNDA:1,(anonymous_7)
FNDA:1,(anonymous_8)
DA:1,1
DA:4,1
DA:6,1
DA:8,1
DA:9,1
DA:11,1
DA:13,1
DA:14,0
DA:16,1
DA:17,0
DA:19,1
DA:20,1
DA:22,1
LF:13
LH:11
BRF:0
BRH:0
end_of_record
TN:
SF:src/api/userApi.ts
FN:3,(anonymous_1)
FN:5,(anonymous_2)
FN:8,(anonymous_3)
FN:10,(anonymous_4)
FN:12,(anonymous_5)
FNF:5
FNH:5
FNDA:1,(anonymous_1)
FNDA:1,(anonymous_2)
FNDA:1,(anonymous_3)
FNDA:1,(anonymous_4)
FNDA:2,(anonymous_5)
DA:1,1
DA:3,1
DA:5,1
DA:6,1
DA:8,1
DA:10,1
DA:12,1
DA:13,2
DA:14,2
LF:9
LH:9
BRDA:13,0,0,1
BRDA:13,0,1,1
BRF:2
BRH:2
end_of_record
TN:
SF:src/components/GasUsageCard.tsx
FN:10,(anonymous_0)
FNF:1
FNH:1
FNDA:2,(anonymous_0)
DA:2,1
DA:3,1
DA:10,1
DA:11,2
DA:13,2
DA:39,1
LF:6
LH:6
BRF:0
BRH:0
end_of_record
TN:
SF:src/components/Navigation.tsx
FN:24,(anonymous_1)
FN:32,(anonymous_2)
FN:101,(anonymous_3)
FN:126,(anonymous_4)
FNF:4
FNH:1
FNDA:1,(anonymous_1)
FNDA:0,(anonymous_2)
FNDA:0,(anonymous_3)
FNDA:0,(anonymous_4)
DA:1,1
DA:2,1
DA:3,1
DA:13,1
DA:14,1
DA:15,1
DA:16,1
DA:18,1
DA:24,1
DA:25,1
DA:26,1
DA:27,1
DA:28,1
DA:29,1
DA:30,1
DA:32,1
DA:33,0
DA:34,0
DA:35,0
DA:37,0
DA:41,1
DA:77,1
DA:101,0
DA:126,0
DA:158,1
LF:25
LH:19
BRDA:57,0,0,0
BRDA:57,0,1,1
BRDA:57,1,0,1
BRDA:57,1,1,1
BRDA:66,2,0,0
BRDA:66,2,1,1
BRDA:94,3,0,1
BRDA:94,3,1,0
BRDA:110,4,0,1
BRDA:110,4,1,1
BRDA:125,5,0,0
BRDA:125,5,1,1
BRF:12
BRH:8
end_of_record
TN:
SF:src/components/PrivateRoute.tsx
FN:12,(anonymous_0)
FNF:1
FNH:1
FNDA:4,(anonymous_0)
DA:2,1
DA:3,1
DA:4,1
DA:12,1
DA:13,4
DA:15,4
DA:16,1
DA:23,3
DA:24,1
DA:27,2
DA:28,1
DA:31,1
DA:34,1
LF:13
LH:13
BRDA:15,0,0,1
BRDA:15,0,1,3
BRDA:23,1,0,1
BRDA:23,1,1,2
BRDA:27,2,0,1
BRDA:27,2,1,1
BRDA:27,3,0,2
BRDA:27,3,1,2
BRF:8
BRH:8
end_of_record
TN:
SF:src/i18n/index.ts
FNF:0
FNH:0
DA:1,1
DA:2,1
DA:3,1
DA:5,1
DA:6,1
DA:7,1
DA:8,1
DA:9,1
DA:11,1
DA:26,1
LF:10
LH:10
BRF:0
BRH:0
end_of_record
TN:
SF:src/pages/AdminPage.tsx
FN:21,(anonymous_0)
FN:32,(anonymous_1)
FN:34,(anonymous_2)
FN:34,(anonymous_3)
FN:34,(anonymous_4)
FN:36,(anonymous_5)
FN:39,(anonymous_6)
FN:44,(anonymous_7)
FN:49,(anonymous_8)
FN:55,(anonymous_9)
FN:60,(anonymous_10)
FN:62,(anonymous_11)
FN:62,(anonymous_12)
FN:62,(anonymous_13)
FN:65,(anonymous_14)
FN:68,(anonymous_15)
FN:73,(anonymous_16)
FN:78,(anonymous_17)
FN:84,(anonymous_18)
FN:89,(anonymous_19)
FN:90,(anonymous_20)
FN:91,(anonymous_21)
FN:100,(anonymous_22)
FN:110,(anonymous_23)
FN:119,(anonymous_24)
FN:129,(anonymous_25)
FN:139,(anonymous_26)
FN:154,(anonymous_27)
FN:156,(anonymous_28)
FN:157,(anonymous_29)
FN:170,(anonymous_30)
FN:172,(anonymous_31)
FN:173,(anonymous_32)
FN:177,(anonymous_33)
FN:186,(anonymous_34)
FN:201,(anonymous_35)
FN:213,(anonymous_36)
FNF:37
FNH:20
FNDA:10,(anonymous_0)
FNDA:0,(anonymous_1)
FNDA:0,(anonymous_2)
FNDA:0,(anonymous_3)
FNDA:0,(anonymous_4)
FNDA:7,(anonymous_5)
FNDA:7,(anonymous_6)
FNDA:0,(anonymous_7)
FNDA:7,(anonymous_8)
FNDA:7,(anonymous_9)
FNDA:2,(anonymous_10)
FNDA:2,(anonymous_11)
FNDA:0,(anonymous_12)
FNDA:2,(anonymous_13)
FNDA:7,(anonymous_14)
FNDA:7,(anonymous_15)
FNDA:0,(anonymous_16)
FNDA:7,(anonymous_17)
FNDA:7,(anonymous_18)
FNDA:0,(anonymous_19)
FNDA:0,(anonymous_20)
FNDA:0,(anonymous_21)
FNDA:1,(anonymous_22)
FNDA:1,(anonymous_23)
FNDA:1,(anonymous_24)
FNDA:0,(anonymous_25)
FNDA:5,(anonymous_26)
FNDA:0,(anonymous_27)
FNDA:0,(anonymous_28)
FNDA:0,(anonymous_29)
FNDA:5,(anonymous_30)
FNDA:1,(anonymous_31)
FNDA:1,(anonymous_32)
FNDA:1,(anonymous_33)
FNDA:0,(anonymous_34)
FNDA:0,(anonymous_35)
FNDA:0,(anonymous_36)
DA:1,1
DA:2,1
DA:3,1
DA:4,1
DA:6,1
DA:19,1
DA:21,1
DA:22,10
DA:23,10
DA:24,10
DA:25,10
DA:26,10
DA:27,10
DA:28,10
DA:29,10
DA:30,10
DA:32,10
DA:33,0
DA:34,0
DA:36,10
DA:37,7
DA:38,7
DA:40,7
DA:41,7
DA:45,0
DA:46,0
DA:50,7
DA:51,4
DA:55,7
DA:56,7
DA:60,10
DA:61,2
DA:62,2
DA:65,10
DA:66,7
DA:67,7
DA:69,7
DA:70,7
DA:74,0
DA:75,0
DA:79,7
DA:80,4
DA:84,7
DA:85,7
DA:89,10
DA:90,10
DA:91,10
DA:92,0
DA:93,0
DA:94,0
DA:95,0
DA:96,0
DA:97,0
DA:100,10
DA:101,1
DA:102,1
DA:103,1
DA:104,1
DA:106,0
DA:110,10
DA:111,1
DA:112,1
DA:113,1
DA:115,0
DA:119,10
DA:120,1
DA:121,1
DA:122,1
DA:123,1
DA:125,0
DA:129,10
DA:130,0
DA:131,0
DA:132,0
DA:133,0
DA:135,0
DA:139,10
DA:140,5
DA:141,0
DA:143,5
DA:144,5
DA:146,0
DA:149,10
DA:155,0
DA:156,0
DA:157,0
DA:164,10
DA:171,5
DA:172,1
DA:173,1
DA:177,1
DA:186,0
DA:197,10
DA:201,0
DA:213,0
DA:224,1
LF:96
LH:68
BRDA:40,0,0,7
BRDA:40,0,1,0
BRDA:45,1,0,0
BRDA:45,1,1,0
BRDA:50,2,0,4
BRDA:50,2,1,3
BRDA:69,3,0,7
BRDA:69,3,1,0
BRDA:74,4,0,0
BRDA:74,4,1,0
BRDA:79,5,0,4
BRDA:79,5,1,3
BRDA:95,6,0,0
BRDA:95,6,1,0
BRDA:140,7,0,0
BRDA:140,7,1,5
BRDA:143,8,0,5
BRDA:143,8,1,0
BRDA:172,9,0,5
BRDA:172,9,1,5
BRDA:174,10,0,5
BRDA:174,10,1,5
BRDA:213,11,0,0
BRDA:213,11,1,10
BRF:24
BRH:13
end_of_record
TN:
SF:src/pages/FillsPage.tsx
FN:31,(anonymous_1)
FN:42,(anonymous_2)
FN:45,(anonymous_3)
FN:46,(anonymous_4)
FN:47,(anonymous_5)
FN:51,(anonymous_6)
FN:55,(anonymous_7)
FN:60,(anonymous_8)
FN:65,(anonymous_9)
FN:72,(anonymous_10)
FN:77,(anonymous_11)
FN:82,(anonymous_12)
FN:88,(anonymous_13)
FN:93,(anonymous_14)
FN:99,(anonymous_15)
FN:109,(anonymous_16)
FN:134,(anonymous_17)
FN:140,(anonymous_18)
FN:143,(anonymous_19)
FN:145,(anonymous_20)
FN:146,(anonymous_21)
FN:158,(anonymous_22)
FN:165,(anonymous_23)
FN:184,(anonymous_24)
FNF:24
FNH:9
FNDA:12,(anonymous_1)
FNDA:0,(anonymous_2)
FNDA:0,(anonymous_3)
FNDA:0,(anonymous_4)
FNDA:0,(anonymous_5)
FNDA:8,(anonymous_6)
FNDA:8,(anonymous_7)
FNDA:0,(anonymous_8)
FNDA:8,(anonymous_9)
FNDA:8,(anonymous_10)
FNDA:0,(anonymous_11)
FNDA:8,(anonymous_12)
FNDA:8,(anonymous_13)
FNDA:0,(anonymous_14)
FNDA:0,(anonymous_15)
FNDA:0,(anonymous_16)
FNDA:0,(anonymous_17)
FNDA:0,(anonymous_18)
FNDA:0,(anonymous_19)
FNDA:0,(anonymous_20)
FNDA:0,(anonymous_21)
FNDA:2,(anonymous_22)
FNDA:0,(anonymous_23)
FNDA:10,(anonymous_24)
DA:1,1
DA:2,1
DA:3,1
DA:4,1
DA:6,1
DA:7,1
DA:8,1
DA:11,1
DA:13,1
DA:31,1
DA:32,12
DA:33,12
DA:34,12
DA:35,12
DA:36,12
DA:37,12
DA:38,12
DA:39,12
DA:40,12
DA:42,12
DA:43,0
DA:44,0
DA:45,0
DA:46,0
DA:47,0
DA:51,12
DA:52,8
DA:54,8
DA:56,8
DA:57,8
DA:61,0
DA:62,0
DA:66,8
DA:67,6
DA:71,8
DA:73,8
DA:74,8
DA:78,0
DA:79,0
DA:83,8
DA:84,6
DA:88,8
DA:89,8
DA:93,12
DA:94,0
DA:95,0
DA:96,0
DA:99,12
DA:100,0
DA:101,0
DA:102,0
DA:103,0
DA:105,0
DA:109,12
DA:110,0
DA:111,0
DA:112,0
DA:113,0
DA:117,0
DA:118,0
DA:120,0
DA:122,0
DA:123,0
DA:124,0
DA:126,0
DA:128,0
DA:132,12
DA:134,0
DA:140,0
DA:144,0
DA:145,0
DA:146,0
DA:154,12
DA:158,2
DA:165,0
DA:184,10
DA:203,1
LF:77
LH:42
BRDA:56,0,0,8
BRDA:56,0,1,0
BRDA:61,1,0,0
BRDA:61,1,1,0
BRDA:66,2,0,6
BRDA:66,2,1,2
BRDA:73,3,0,8
BRDA:73,3,1,0
BRDA:78,4,0,0
BRDA:78,4,1,0
BRDA:83,5,0,6
BRDA:83,5,1,2
BRDA:95,6,0,0
BRDA:95,6,1,0
BRDA:115,7,0,0
BRDA:115,7,1,0
BRDA:117,8,0,0
BRDA:117,8,1,0
BRDA:134,9,0,0
BRDA:134,9,1,0
BRDA:162,10,0,0
BRDA:162,10,1,12
BRDA:178,11,0,7
BRDA:178,11,1,5
BRDA:182,12,0,12
BRDA:182,12,1,8
BRF:26
BRH:11
end_of_record
TN:
SF:src/pages/LoginPage.tsx
FN:9,(anonymous_0)
FN:15,(anonymous_1)
FNF:2
FNH:1
FNDA:1,(anonymous_0)
FNDA:0,(anonymous_1)
DA:1,1
DA:2,1
DA:3,1
DA:4,1
DA:5,1
DA:7,1
DA:9,1
DA:10,1
DA:11,1
DA:12,1
DA:13,1
DA:15,1
DA:16,0
DA:17,0
DA:18,0
DA:19,0
DA:20,0
DA:22,0
DA:24,0
DA:28,1
DA:67,1
LF:21
LH:14
BRF:0
BRH:0
end_of_record
TN:
SF:src/pages/OperatorPage.tsx
FN:11,(anonymous_0)
FN:19,(anonymous_1)
FN:21,(anonymous_2)
FN:21,(anonymous_3)
FN:21,(anonymous_4)
FN:23,(anonymous_5)
FN:25,(anonymous_6)
FN:25,(anonymous_7)
FN:25,(anonymous_8)
FN:28,(anonymous_9)
FN:32,(anonymous_10)
FN:37,(anonymous_11)
FN:42,(anonymous_12)
FN:49,(anonymous_13)
FN:54,(anonymous_14)
FN:59,(anonymous_15)
FN:65,(anonymous_16)
FN:70,(anonymous_17)
FN:71,(anonymous_18)
FN:72,(anonymous_19)
FN:73,(anonymous_20)
FN:74,(anonymous_21)
FN:82,(anonymous_22)
FN:88,(anonymous_23)
FN:89,(anonymous_24)
FN:91,(anonymous_25)
FN:92,(anonymous_26)
FN:93,(anonymous_27)
FN:94,(anonymous_28)
FN:106,(anonymous_29)
FN:108,(anonymous_30)
FN:109,(anonymous_31)
FNF:32
FNH:16
FNDA:7,(anonymous_0)
FNDA:1,(anonymous_1)
FNDA:1,(anonymous_2)
FNDA:0,(anonymous_3)
FNDA:1,(anonymous_4)
FNDA:0,(anonymous_5)
FNDA:0,(anonymous_6)
FNDA:0,(anonymous_7)
FNDA:0,(anonymous_8)
FNDA:5,(anonymous_9)
FNDA:5,(anonymous_10)
FNDA:0,(anonymous_11)
FNDA:5,(anonymous_12)
FNDA:5,(anonymous_13)
FNDA:0,(anonymous_14)
FNDA:5,(anonymous_15)
FNDA:5,(anonymous_16)
FNDA:0,(anonymous_17)
FNDA:0,(anonymous_18)
FNDA:1,(anonymous_19)
FNDA:0,(anonymous_20)
FNDA:1,(anonymous_21)
FNDA:0,(anonymous_22)
FNDA:4,(anonymous_23)
FNDA:4,(anonymous_24)
FNDA:0,(anonymous_25)
FNDA:1,(anonymous_26)
FNDA:1,(anonymous_27)
FNDA:0,(anonymous_28)
FNDA:0,(anonymous_29)
FNDA:0,(anonymous_30)
FNDA:0,(anonymous_31)
DA:1,1
DA:2,1
DA:3,1
DA:5,1
DA:6,1
DA:9,1
DA:11,1
DA:12,7
DA:13,7
DA:14,7
DA:15,7
DA:16,7
DA:17,7
DA:19,7
DA:20,1
DA:21,1
DA:23,7
DA:24,0
DA:25,0
DA:28,7
DA:29,5
DA:31,5
DA:33,5
DA:34,5
DA:38,0
DA:39,0
DA:43,5
DA:44,3
DA:48,5
DA:50,5
DA:51,5
DA:55,0
DA:56,0
DA:60,5
DA:61,3
DA:65,5
DA:66,5
DA:70,7
DA:71,7
DA:72,7
DA:73,7
DA:74,7
DA:75,1
DA:76,1
DA:77,1
DA:79,0
DA:82,7
DA:84,7
DA:88,4
DA:90,4
DA:91,0
DA:92,1
DA:93,1
DA:94,0
DA:101,7
DA:107,0
DA:108,0
DA:109,0
DA:114,7
DA:128,1
LF:60
LH:48
BRDA:33,0,0,5
BRDA:33,0,1,0
BRDA:38,1,0,0
BRDA:38,1,1,0
BRDA:43,2,0,3
BRDA:43,2,1,2
BRDA:50,3,0,5
BRDA:50,3,1,0
BRDA:55,4,0,0
BRDA:55,4,1,0
BRDA:60,5,0,3
BRDA:60,5,1,2
BRDA:88,6,0,4
BRDA:88,6,1,0
BRDA:88,7,0,0
BRDA:88,7,1,0
BRDA:91,8,0,4
BRDA:91,8,1,0
BRDA:92,9,0,4
BRDA:92,9,1,4
BRF:20
BRH:10
end_of_record
TN:
SF:src/utils/gasCalculation.ts
FN:4,calculateGasAdded
FN:12,calculateComponentGasAdded
FN:21,validateGasPercentages
FNF:3
FNH:3
FNDA:3,calculateGasAdded
FNDA:3,calculateComponentGasAdded
FNDA:5,validateGasPercentages
DA:4,1
DA:5,3
DA:6,1
DA:12,1
DA:13,3
DA:14,1
DA:15,1
DA:21,1
DA:22,5
DA:23,4
DA:24,3
DA:25,2
LF:12
LH:12
BRDA:5,0,0,2
BRDA:5,0,1,1
BRDA:13,1,0,2
BRDA:13,1,1,1
BRDA:22,2,0,1
BRDA:22,2,1,4
BRDA:22,3,0,5
BRDA:22,3,1,4
BRDA:23,4,0,1
BRDA:23,4,1,3
BRDA:23,5,0,4
BRDA:23,5,1,3
BRDA:24,6,0,1
BRDA:24,6,1,2
BRF:14
BRH:14
end_of_record
